Grammar

    0 $accept: programa $end

    1 programa: variables_globales declara_objetos declara_funciones implementa_funciones EJECUTARPROGRAMA ALLAVE variables_locales bloque CLLAVE

    2 variables_globales: VARIABLES_GLOBALES bloque_variables

    3 bloque_variables: ACORCHETE bloque_variables_rep CCORCHETE

    4 bloque_variables_rep: /* empty */
    5                     | declara_variables bloque_variables_rep

    6 declara_variables: ENTERO IDENTIFICADOR declara_variables_atomica
    7                  | DECIMAL IDENTIFICADOR declara_variables_atomica
    8                  | TEXTO IDENTIFICADOR declara_variables_atomica
    9                  | BOOLEANO IDENTIFICADOR declara_variables_atomica
   10                  | MATRIZDECIMAL IDENTIFICADOR dimensiones declara_variables_matriz
   11                  | MATRIZENTERA IDENTIFICADOR dimensiones declara_variables_matriz
   12                  | CREAROBJETO IDENTIFICADOR declara_variables_objeto

   13 declara_variables_atomica: PUNTOYCOMA
   14                          | IGUAL expresion PUNTOYCOMA

   15 declara_variables_matriz: PUNTOYCOMA
   16                         | IGUAL declara_variables_matriz1 PUNTOYCOMA

   17 declara_variables_matriz1: asignacion_matriz
   18                          | IDENTIFICADOR

   19 declara_variables_objeto: PUNTOYCOMA
   20                         | ES IDENTIFICADOR PUNTOYCOMA

   21 asignacion_matriz: ALLAVE asignacion_matriz_rep CLLAVE

   22 asignacion_matriz_rep: /* empty */
   23                      | asignacion_matriz_valor PUNTOYCOMA asignacion_matriz_rep

   24 asignacion_matriz_valor: CTEENTERA asignacion_matriz_valor1
   25                        | CTEDECIMAL asignacion_matriz_valor1

   26 asignacion_matriz_valor1: /* empty */
   27                         | COMA asignacion_matriz_valor

   28 dimensiones: ACORCHETE exp CCORCHETE dimensiones_rep

   29 dimensiones_rep: /* empty */
   30                | ACORCHETE exp CCORCHETE

   31 expresion: exp expresion_condicional

   32 expresion_condicional: /* empty */
   33                      | op_booleanos exp

   34 op_booleanos: COMPARA
   35             | NEGACION
   36             | MAYORQUE
   37             | MENORQUE
   38             | MAYORIGUAL
   39             | MENORIGUAL
   40             | AMPERSAND
   41             | BARRA

   42 exp: termino exp_suma_resta

   43 exp_suma_resta: /* empty */
   44               | MAS exp
   45               | MENOS exp

   46 termino: factor termino_multi_divide

   47 termino_multi_divide: /* empty */
   48                     | POR termino
   49                     | ENTRE termino

   50 factor: APARENTESIS expresion CPARENTESIS
   51       | MAS factor_operando
   52       | MENOS factor_operando
   53       | factor_operando

   54 factor_operando: var_cte
   55                | llama_funcion

   56 var_cte: CTEENTERA
   57        | CTEDECIMAL
   58        | CTEBOOLEANO
   59        | CTETEXTO
   60        | IDENTIFICADOR

   61 declara_objetos: DECLARA_OBJETOS ACORCHETE declara_objetos_rep CCORCHETE

   62 declara_objetos_rep: /* empty */
   63                    | objeto declara_objetos_rep

   64 objeto: CLASE IDENTIFICADOR objeto_herencia ALLAVE atributos_globales declara_funciones implementa_funciones CLLAVE

   65 objeto_herencia: /* empty */
   66                | HIJODE IDENTIFICADOR

   67 atributos_globales: ATRIBUTOS_GLOBALES bloque_variables

   68 declara_funciones: DECLARA_FUNCIONES ACORCHETE declara_funciones_rep CCORCHETE

   69 declara_funciones_rep: /* empty */
   70                      | declaracion_prototipos declara_funciones_rep

   71 declaracion_prototipos: permiso IDENTIFICADOR APARENTESIS parametros CPARENTESIS REGRESA declaracion_prototipos_regresa PUNTOYCOMA

   72 permiso: PRIVADA
   73        | PUBLICA

   74 parametros: /* empty */
   75           | parametros_rep

   76 parametros_rep: IDENTIFICADOR DOSPUNTOS tipo parametros_rep1

   77 tipo: ENTERO
   78     | DECIMAL
   79     | BOOLEANO
   80     | TEXTO
   81     | MATRIZENTERA
   82     | MATRIZDECIMAL

   83 parametros_rep1: /* empty */
   84                | COMA parametros_rep

   85 declaracion_prototipos_regresa: tipo
   86                               | NADA

   87 implementa_funciones: IMPLEMENTA_FUNCIONES ACORCHETE implementa_funciones_rep CCORCHETE

   88 implementa_funciones_rep: /* empty */
   89                         | funciones implementa_funciones_rep

   90 funciones: IDENTIFICADOR APARENTESIS parametros CPARENTESIS ALLAVE variables_locales bloque CLLAVE

   91 variables_locales: VARIABLES_LOCALES bloque_variables

   92 bloque: /* empty */
   93       | estatuto bloque_rep

   94 bloque_rep: bloque

   95 estatuto: asignacion PUNTOYCOMA
   96         | escritura PUNTOYCOMA
   97         | llama_funcion PUNTOYCOMA
   98         | regresa PUNTOYCOMA
   99         | condicional
  100         | ciclo

  101 asignacion: IDENTIFICADOR asignacion1

  102 asignacion1: dimensiones IGUAL expresion
  103            | IGUAL asignacion2
  104            | FLECHA IDENTIFICADOR asignacion3 IGUAL asignacion2

  105 asignacion2: asignacion_matriz
  106            | expresion

  107 asignacion3: /* empty */
  108            | dimensiones

  109 lectura: LEERDELTECLADO APARENTESIS lectura1 CPARENTESIS

  110 lectura1: ENTERO
  111         | DECIMAL
  112         | BOOLEANO
  113         | TEXTO

  114 escritura: DESPLIEGA APARENTESIS escritura_valores CPARENTESIS

  115 escritura_valores: valores escritura_concatena
  116                  | IDENTIFICADOR escritura_valores1

  117 valores: CTEENTERA
  118        | CTEDECIMAL
  119        | CTETEXTO

  120 escritura_valores1: /* empty */
  121                   | CONCATENA escritura_valores
  122                   | dimensiones escritura_concatena

  123 escritura_concatena: /* empty */
  124                    | CONCATENA escritura_valores

  125 llama_funcion: IDENTIFICADOR llama_funcion_opcional APARENTESIS expresion CPARENTESIS
  126              | lectura

  127 llama_funcion_opcional: /* empty */
  128                       | FLECHA IDENTIFICADOR

  129 regresa: REGRESA expresion

  130 condicional: SI APARENTESIS expresion CPARENTESIS ALLAVE bloque CLLAVE condicional_ifelse

  131 condicional_ifelse: /* empty */
  132                   | SINO condicional_else

  133 condicional_else: ENTONCES APARENTESIS expresion CPARENTESIS ALLAVE bloque CLLAVE condicional_ifelse
  134                 | ALLAVE bloque CLLAVE

  135 ciclo: MIENTRAS APARENTESIS expresion CPARENTESIS ALLAVE bloque CLLAVE


Terminals, with rules where they appear

$end (0) 0
error (256)
DOSPUNTOS (258) 76
COMA (259) 27 84
ES (260) 20
CREAROBJETO (261) 12
VARIABLES_GLOBALES (262) 2
VARIABLES_LOCALES (263) 91
DECLARA_OBJETOS (264) 61
DECLARA_FUNCIONES (265) 68
IMPLEMENTA_FUNCIONES (266) 87
ATRIBUTOS_GLOBALES (267) 67
BOOLEANO (268) 9 79 112
ENTERO (269) 6 77 110
DECIMAL (270) 7 78 111
TEXTO (271) 8 80 113
NADA (272) 86
CLASE (273) 64
MATRIZENTERA (274) 11 81
MATRIZDECIMAL (275) 10 82
PRIVADA (276) 72
PUBLICA (277) 73
REGRESA (278) 71 129
HIJODE (279) 66
EJECUTARPROGRAMA (280) 1
LEERDELTECLADO (281) 109
DESPLIEGA (282) 114
SI (283) 130
SINO (284) 132
ENTONCES (285) 133
MIENTRAS (286) 135
FLECHA (287) 104 128
CONCATENA (288) 121 124
IGUAL (289) 14 16 102 103 104
MAS (290) 44 51
MENOS (291) 45 52
POR (292) 48
ENTRE (293) 49
PUNTOYCOMA (294) 13 14 15 16 19 20 23 71 95 96 97 98
APARENTESIS (295) 50 71 90 109 114 125 130 133 135
CPARENTESIS (296) 50 71 90 109 114 125 130 133 135
ALLAVE (297) 1 21 64 90 130 133 134 135
CLLAVE (298) 1 21 64 90 130 133 134 135
ACORCHETE (299) 3 28 30 61 68 87
CCORCHETE (300) 3 28 30 61 68 87
AMPERSAND (301) 40
BARRA (302) 41
COMPARA (303) 34
NEGACION (304) 35
MAYORQUE (305) 36
MENORQUE (306) 37
MAYORIGUAL (307) 38
MENORIGUAL (308) 39
IDENTIFICADOR (309) 6 7 8 9 10 11 12 18 20 60 64 66 71 76 90 101 104
    116 125 128
CTEENTERA (310) 24 56 117
CTETEXTO (311) 59 119
CTEBOOLEANO (312) 58
CTEDECIMAL (313) 25 57 118


Nonterminals, with rules where they appear

$accept (59)
    on left: 0
programa (60)
    on left: 1, on right: 0
variables_globales (61)
    on left: 2, on right: 1
bloque_variables (62)
    on left: 3, on right: 2 67 91
bloque_variables_rep (63)
    on left: 4 5, on right: 3 5
declara_variables (64)
    on left: 6 7 8 9 10 11 12, on right: 5
declara_variables_atomica (65)
    on left: 13 14, on right: 6 7 8 9
declara_variables_matriz (66)
    on left: 15 16, on right: 10 11
declara_variables_matriz1 (67)
    on left: 17 18, on right: 16
declara_variables_objeto (68)
    on left: 19 20, on right: 12
asignacion_matriz (69)
    on left: 21, on right: 17 105
asignacion_matriz_rep (70)
    on left: 22 23, on right: 21 23
asignacion_matriz_valor (71)
    on left: 24 25, on right: 23 27
asignacion_matriz_valor1 (72)
    on left: 26 27, on right: 24 25
dimensiones (73)
    on left: 28, on right: 10 11 102 108 122
dimensiones_rep (74)
    on left: 29 30, on right: 28
expresion (75)
    on left: 31, on right: 14 50 102 106 125 129 130 133 135
expresion_condicional (76)
    on left: 32 33, on right: 31
op_booleanos (77)
    on left: 34 35 36 37 38 39 40 41, on right: 33
exp (78)
    on left: 42, on right: 28 30 31 33 44 45
exp_suma_resta (79)
    on left: 43 44 45, on right: 42
termino (80)
    on left: 46, on right: 42 48 49
termino_multi_divide (81)
    on left: 47 48 49, on right: 46
factor (82)
    on left: 50 51 52 53, on right: 46
factor_operando (83)
    on left: 54 55, on right: 51 52 53
var_cte (84)
    on left: 56 57 58 59 60, on right: 54
declara_objetos (85)
    on left: 61, on right: 1
declara_objetos_rep (86)
    on left: 62 63, on right: 61 63
objeto (87)
    on left: 64, on right: 63
objeto_herencia (88)
    on left: 65 66, on right: 64
atributos_globales (89)
    on left: 67, on right: 64
declara_funciones (90)
    on left: 68, on right: 1 64
declara_funciones_rep (91)
    on left: 69 70, on right: 68 70
declaracion_prototipos (92)
    on left: 71, on right: 70
permiso (93)
    on left: 72 73, on right: 71
parametros (94)
    on left: 74 75, on right: 71 90
parametros_rep (95)
    on left: 76, on right: 75 84
tipo (96)
    on left: 77 78 79 80 81 82, on right: 76 85
parametros_rep1 (97)
    on left: 83 84, on right: 76
declaracion_prototipos_regresa (98)
    on left: 85 86, on right: 71
implementa_funciones (99)
    on left: 87, on right: 1 64
implementa_funciones_rep (100)
    on left: 88 89, on right: 87 89
funciones (101)
    on left: 90, on right: 89
variables_locales (102)
    on left: 91, on right: 1 90
bloque (103)
    on left: 92 93, on right: 1 90 94 130 133 134 135
bloque_rep (104)
    on left: 94, on right: 93
estatuto (105)
    on left: 95 96 97 98 99 100, on right: 93
asignacion (106)
    on left: 101, on right: 95
asignacion1 (107)
    on left: 102 103 104, on right: 101
asignacion2 (108)
    on left: 105 106, on right: 103 104
asignacion3 (109)
    on left: 107 108, on right: 104
lectura (110)
    on left: 109, on right: 126
lectura1 (111)
    on left: 110 111 112 113, on right: 109
escritura (112)
    on left: 114, on right: 96
escritura_valores (113)
    on left: 115 116, on right: 114 121 124
valores (114)
    on left: 117 118 119, on right: 115
escritura_valores1 (115)
    on left: 120 121 122, on right: 116
escritura_concatena (116)
    on left: 123 124, on right: 115 122
llama_funcion (117)
    on left: 125 126, on right: 55 97
llama_funcion_opcional (118)
    on left: 127 128, on right: 125
regresa (119)
    on left: 129, on right: 98
condicional (120)
    on left: 130, on right: 99
condicional_ifelse (121)
    on left: 131 132, on right: 130 133
condicional_else (122)
    on left: 133 134, on right: 132
ciclo (123)
    on left: 135, on right: 100


state 0

    0 $accept: . programa $end

    VARIABLES_GLOBALES  shift, and go to state 1

    programa            go to state 2
    variables_globales  go to state 3


state 1

    2 variables_globales: VARIABLES_GLOBALES . bloque_variables

    ACORCHETE  shift, and go to state 4

    bloque_variables  go to state 5


state 2

    0 $accept: programa . $end

    $end  shift, and go to state 6


state 3

    1 programa: variables_globales . declara_objetos declara_funciones implementa_funciones EJECUTARPROGRAMA ALLAVE variables_locales bloque CLLAVE

    DECLARA_OBJETOS  shift, and go to state 7

    declara_objetos  go to state 8


state 4

    3 bloque_variables: ACORCHETE . bloque_variables_rep CCORCHETE

    CREAROBJETO    shift, and go to state 9
    BOOLEANO       shift, and go to state 10
    ENTERO         shift, and go to state 11
    DECIMAL        shift, and go to state 12
    TEXTO          shift, and go to state 13
    MATRIZENTERA   shift, and go to state 14
    MATRIZDECIMAL  shift, and go to state 15

    $default  reduce using rule 4 (bloque_variables_rep)

    bloque_variables_rep  go to state 16
    declara_variables     go to state 17


state 5

    2 variables_globales: VARIABLES_GLOBALES bloque_variables .

    $default  reduce using rule 2 (variables_globales)


state 6

    0 $accept: programa $end .

    $default  accept


state 7

   61 declara_objetos: DECLARA_OBJETOS . ACORCHETE declara_objetos_rep CCORCHETE

    ACORCHETE  shift, and go to state 18


state 8

    1 programa: variables_globales declara_objetos . declara_funciones implementa_funciones EJECUTARPROGRAMA ALLAVE variables_locales bloque CLLAVE

    DECLARA_FUNCIONES  shift, and go to state 19

    declara_funciones  go to state 20


state 9

   12 declara_variables: CREAROBJETO . IDENTIFICADOR declara_variables_objeto

    IDENTIFICADOR  shift, and go to state 21


state 10

    9 declara_variables: BOOLEANO . IDENTIFICADOR declara_variables_atomica

    IDENTIFICADOR  shift, and go to state 22


state 11

    6 declara_variables: ENTERO . IDENTIFICADOR declara_variables_atomica

    IDENTIFICADOR  shift, and go to state 23


state 12

    7 declara_variables: DECIMAL . IDENTIFICADOR declara_variables_atomica

    IDENTIFICADOR  shift, and go to state 24


state 13

    8 declara_variables: TEXTO . IDENTIFICADOR declara_variables_atomica

    IDENTIFICADOR  shift, and go to state 25


state 14

   11 declara_variables: MATRIZENTERA . IDENTIFICADOR dimensiones declara_variables_matriz

    IDENTIFICADOR  shift, and go to state 26


state 15

   10 declara_variables: MATRIZDECIMAL . IDENTIFICADOR dimensiones declara_variables_matriz

    IDENTIFICADOR  shift, and go to state 27


state 16

    3 bloque_variables: ACORCHETE bloque_variables_rep . CCORCHETE

    CCORCHETE  shift, and go to state 28


state 17

    5 bloque_variables_rep: declara_variables . bloque_variables_rep

    CREAROBJETO    shift, and go to state 9
    BOOLEANO       shift, and go to state 10
    ENTERO         shift, and go to state 11
    DECIMAL        shift, and go to state 12
    TEXTO          shift, and go to state 13
    MATRIZENTERA   shift, and go to state 14
    MATRIZDECIMAL  shift, and go to state 15

    $default  reduce using rule 4 (bloque_variables_rep)

    bloque_variables_rep  go to state 29
    declara_variables     go to state 17


state 18

   61 declara_objetos: DECLARA_OBJETOS ACORCHETE . declara_objetos_rep CCORCHETE

    CLASE  shift, and go to state 30

    $default  reduce using rule 62 (declara_objetos_rep)

    declara_objetos_rep  go to state 31
    objeto               go to state 32


state 19

   68 declara_funciones: DECLARA_FUNCIONES . ACORCHETE declara_funciones_rep CCORCHETE

    ACORCHETE  shift, and go to state 33


state 20

    1 programa: variables_globales declara_objetos declara_funciones . implementa_funciones EJECUTARPROGRAMA ALLAVE variables_locales bloque CLLAVE

    IMPLEMENTA_FUNCIONES  shift, and go to state 34

    implementa_funciones  go to state 35


state 21

   12 declara_variables: CREAROBJETO IDENTIFICADOR . declara_variables_objeto

    ES          shift, and go to state 36
    PUNTOYCOMA  shift, and go to state 37

    declara_variables_objeto  go to state 38


state 22

    9 declara_variables: BOOLEANO IDENTIFICADOR . declara_variables_atomica

    IGUAL       shift, and go to state 39
    PUNTOYCOMA  shift, and go to state 40

    declara_variables_atomica  go to state 41


state 23

    6 declara_variables: ENTERO IDENTIFICADOR . declara_variables_atomica

    IGUAL       shift, and go to state 39
    PUNTOYCOMA  shift, and go to state 40

    declara_variables_atomica  go to state 42


state 24

    7 declara_variables: DECIMAL IDENTIFICADOR . declara_variables_atomica

    IGUAL       shift, and go to state 39
    PUNTOYCOMA  shift, and go to state 40

    declara_variables_atomica  go to state 43


state 25

    8 declara_variables: TEXTO IDENTIFICADOR . declara_variables_atomica

    IGUAL       shift, and go to state 39
    PUNTOYCOMA  shift, and go to state 40

    declara_variables_atomica  go to state 44


state 26

   11 declara_variables: MATRIZENTERA IDENTIFICADOR . dimensiones declara_variables_matriz

    ACORCHETE  shift, and go to state 45

    dimensiones  go to state 46


state 27

   10 declara_variables: MATRIZDECIMAL IDENTIFICADOR . dimensiones declara_variables_matriz

    ACORCHETE  shift, and go to state 45

    dimensiones  go to state 47


state 28

    3 bloque_variables: ACORCHETE bloque_variables_rep CCORCHETE .

    $default  reduce using rule 3 (bloque_variables)


state 29

    5 bloque_variables_rep: declara_variables bloque_variables_rep .

    $default  reduce using rule 5 (bloque_variables_rep)


state 30

   64 objeto: CLASE . IDENTIFICADOR objeto_herencia ALLAVE atributos_globales declara_funciones implementa_funciones CLLAVE

    IDENTIFICADOR  shift, and go to state 48


state 31

   61 declara_objetos: DECLARA_OBJETOS ACORCHETE declara_objetos_rep . CCORCHETE

    CCORCHETE  shift, and go to state 49


state 32

   63 declara_objetos_rep: objeto . declara_objetos_rep

    CLASE  shift, and go to state 30

    $default  reduce using rule 62 (declara_objetos_rep)

    declara_objetos_rep  go to state 50
    objeto               go to state 32


state 33

   68 declara_funciones: DECLARA_FUNCIONES ACORCHETE . declara_funciones_rep CCORCHETE

    PRIVADA  shift, and go to state 51
    PUBLICA  shift, and go to state 52

    $default  reduce using rule 69 (declara_funciones_rep)

    declara_funciones_rep   go to state 53
    declaracion_prototipos  go to state 54
    permiso                 go to state 55


state 34

   87 implementa_funciones: IMPLEMENTA_FUNCIONES . ACORCHETE implementa_funciones_rep CCORCHETE

    ACORCHETE  shift, and go to state 56


state 35

    1 programa: variables_globales declara_objetos declara_funciones implementa_funciones . EJECUTARPROGRAMA ALLAVE variables_locales bloque CLLAVE

    EJECUTARPROGRAMA  shift, and go to state 57


state 36

   20 declara_variables_objeto: ES . IDENTIFICADOR PUNTOYCOMA

    IDENTIFICADOR  shift, and go to state 58


state 37

   19 declara_variables_objeto: PUNTOYCOMA .

    $default  reduce using rule 19 (declara_variables_objeto)


state 38

   12 declara_variables: CREAROBJETO IDENTIFICADOR declara_variables_objeto .

    $default  reduce using rule 12 (declara_variables)


state 39

   14 declara_variables_atomica: IGUAL . expresion PUNTOYCOMA

    LEERDELTECLADO  shift, and go to state 59
    MAS             shift, and go to state 60
    MENOS           shift, and go to state 61
    APARENTESIS     shift, and go to state 62
    IDENTIFICADOR   shift, and go to state 63
    CTEENTERA       shift, and go to state 64
    CTETEXTO        shift, and go to state 65
    CTEBOOLEANO     shift, and go to state 66
    CTEDECIMAL      shift, and go to state 67

    expresion        go to state 68
    exp              go to state 69
    termino          go to state 70
    factor           go to state 71
    factor_operando  go to state 72
    var_cte          go to state 73
    lectura          go to state 74
    llama_funcion    go to state 75


state 40

   13 declara_variables_atomica: PUNTOYCOMA .

    $default  reduce using rule 13 (declara_variables_atomica)


state 41

    9 declara_variables: BOOLEANO IDENTIFICADOR declara_variables_atomica .

    $default  reduce using rule 9 (declara_variables)


state 42

    6 declara_variables: ENTERO IDENTIFICADOR declara_variables_atomica .

    $default  reduce using rule 6 (declara_variables)


state 43

    7 declara_variables: DECIMAL IDENTIFICADOR declara_variables_atomica .

    $default  reduce using rule 7 (declara_variables)


state 44

    8 declara_variables: TEXTO IDENTIFICADOR declara_variables_atomica .

    $default  reduce using rule 8 (declara_variables)


state 45

   28 dimensiones: ACORCHETE . exp CCORCHETE dimensiones_rep

    LEERDELTECLADO  shift, and go to state 59
    MAS             shift, and go to state 60
    MENOS           shift, and go to state 61
    APARENTESIS     shift, and go to state 62
    IDENTIFICADOR   shift, and go to state 63
    CTEENTERA       shift, and go to state 64
    CTETEXTO        shift, and go to state 65
    CTEBOOLEANO     shift, and go to state 66
    CTEDECIMAL      shift, and go to state 67

    exp              go to state 76
    termino          go to state 70
    factor           go to state 71
    factor_operando  go to state 72
    var_cte          go to state 73
    lectura          go to state 74
    llama_funcion    go to state 75


state 46

   11 declara_variables: MATRIZENTERA IDENTIFICADOR dimensiones . declara_variables_matriz

    IGUAL       shift, and go to state 77
    PUNTOYCOMA  shift, and go to state 78

    declara_variables_matriz  go to state 79


state 47

   10 declara_variables: MATRIZDECIMAL IDENTIFICADOR dimensiones . declara_variables_matriz

    IGUAL       shift, and go to state 77
    PUNTOYCOMA  shift, and go to state 78

    declara_variables_matriz  go to state 80


state 48

   64 objeto: CLASE IDENTIFICADOR . objeto_herencia ALLAVE atributos_globales declara_funciones implementa_funciones CLLAVE

    HIJODE  shift, and go to state 81

    $default  reduce using rule 65 (objeto_herencia)

    objeto_herencia  go to state 82


state 49

   61 declara_objetos: DECLARA_OBJETOS ACORCHETE declara_objetos_rep CCORCHETE .

    $default  reduce using rule 61 (declara_objetos)


state 50

   63 declara_objetos_rep: objeto declara_objetos_rep .

    $default  reduce using rule 63 (declara_objetos_rep)


state 51

   72 permiso: PRIVADA .

    $default  reduce using rule 72 (permiso)


state 52

   73 permiso: PUBLICA .

    $default  reduce using rule 73 (permiso)


state 53

   68 declara_funciones: DECLARA_FUNCIONES ACORCHETE declara_funciones_rep . CCORCHETE

    CCORCHETE  shift, and go to state 83


state 54

   70 declara_funciones_rep: declaracion_prototipos . declara_funciones_rep

    PRIVADA  shift, and go to state 51
    PUBLICA  shift, and go to state 52

    $default  reduce using rule 69 (declara_funciones_rep)

    declara_funciones_rep   go to state 84
    declaracion_prototipos  go to state 54
    permiso                 go to state 55


state 55

   71 declaracion_prototipos: permiso . IDENTIFICADOR APARENTESIS parametros CPARENTESIS REGRESA declaracion_prototipos_regresa PUNTOYCOMA

    IDENTIFICADOR  shift, and go to state 85


state 56

   87 implementa_funciones: IMPLEMENTA_FUNCIONES ACORCHETE . implementa_funciones_rep CCORCHETE

    IDENTIFICADOR  shift, and go to state 86

    $default  reduce using rule 88 (implementa_funciones_rep)

    implementa_funciones_rep  go to state 87
    funciones                 go to state 88


state 57

    1 programa: variables_globales declara_objetos declara_funciones implementa_funciones EJECUTARPROGRAMA . ALLAVE variables_locales bloque CLLAVE

    ALLAVE  shift, and go to state 89


state 58

   20 declara_variables_objeto: ES IDENTIFICADOR . PUNTOYCOMA

    PUNTOYCOMA  shift, and go to state 90


state 59

  109 lectura: LEERDELTECLADO . APARENTESIS lectura1 CPARENTESIS

    APARENTESIS  shift, and go to state 91


state 60

   51 factor: MAS . factor_operando

    LEERDELTECLADO  shift, and go to state 59
    IDENTIFICADOR   shift, and go to state 63
    CTEENTERA       shift, and go to state 64
    CTETEXTO        shift, and go to state 65
    CTEBOOLEANO     shift, and go to state 66
    CTEDECIMAL      shift, and go to state 67

    factor_operando  go to state 92
    var_cte          go to state 73
    lectura          go to state 74
    llama_funcion    go to state 75


state 61

   52 factor: MENOS . factor_operando

    LEERDELTECLADO  shift, and go to state 59
    IDENTIFICADOR   shift, and go to state 63
    CTEENTERA       shift, and go to state 64
    CTETEXTO        shift, and go to state 65
    CTEBOOLEANO     shift, and go to state 66
    CTEDECIMAL      shift, and go to state 67

    factor_operando  go to state 93
    var_cte          go to state 73
    lectura          go to state 74
    llama_funcion    go to state 75


state 62

   50 factor: APARENTESIS . expresion CPARENTESIS

    LEERDELTECLADO  shift, and go to state 59
    MAS             shift, and go to state 60
    MENOS           shift, and go to state 61
    APARENTESIS     shift, and go to state 62
    IDENTIFICADOR   shift, and go to state 63
    CTEENTERA       shift, and go to state 64
    CTETEXTO        shift, and go to state 65
    CTEBOOLEANO     shift, and go to state 66
    CTEDECIMAL      shift, and go to state 67

    expresion        go to state 94
    exp              go to state 69
    termino          go to state 70
    factor           go to state 71
    factor_operando  go to state 72
    var_cte          go to state 73
    lectura          go to state 74
    llama_funcion    go to state 75


state 63

   60 var_cte: IDENTIFICADOR .
  125 llama_funcion: IDENTIFICADOR . llama_funcion_opcional APARENTESIS expresion CPARENTESIS

    FLECHA  shift, and go to state 95

    APARENTESIS  reduce using rule 127 (llama_funcion_opcional)
    $default     reduce using rule 60 (var_cte)

    llama_funcion_opcional  go to state 96


state 64

   56 var_cte: CTEENTERA .

    $default  reduce using rule 56 (var_cte)


state 65

   59 var_cte: CTETEXTO .

    $default  reduce using rule 59 (var_cte)


state 66

   58 var_cte: CTEBOOLEANO .

    $default  reduce using rule 58 (var_cte)


state 67

   57 var_cte: CTEDECIMAL .

    $default  reduce using rule 57 (var_cte)


state 68

   14 declara_variables_atomica: IGUAL expresion . PUNTOYCOMA

    PUNTOYCOMA  shift, and go to state 97


state 69

   31 expresion: exp . expresion_condicional

    AMPERSAND   shift, and go to state 98
    BARRA       shift, and go to state 99
    COMPARA     shift, and go to state 100
    NEGACION    shift, and go to state 101
    MAYORQUE    shift, and go to state 102
    MENORQUE    shift, and go to state 103
    MAYORIGUAL  shift, and go to state 104
    MENORIGUAL  shift, and go to state 105

    $default  reduce using rule 32 (expresion_condicional)

    expresion_condicional  go to state 106
    op_booleanos           go to state 107


state 70

   42 exp: termino . exp_suma_resta

    MAS    shift, and go to state 108
    MENOS  shift, and go to state 109

    $default  reduce using rule 43 (exp_suma_resta)

    exp_suma_resta  go to state 110


state 71

   46 termino: factor . termino_multi_divide

    POR    shift, and go to state 111
    ENTRE  shift, and go to state 112

    $default  reduce using rule 47 (termino_multi_divide)

    termino_multi_divide  go to state 113


state 72

   53 factor: factor_operando .

    $default  reduce using rule 53 (factor)


state 73

   54 factor_operando: var_cte .

    $default  reduce using rule 54 (factor_operando)


state 74

  126 llama_funcion: lectura .

    $default  reduce using rule 126 (llama_funcion)


state 75

   55 factor_operando: llama_funcion .

    $default  reduce using rule 55 (factor_operando)


state 76

   28 dimensiones: ACORCHETE exp . CCORCHETE dimensiones_rep

    CCORCHETE  shift, and go to state 114


state 77

   16 declara_variables_matriz: IGUAL . declara_variables_matriz1 PUNTOYCOMA

    ALLAVE         shift, and go to state 115
    IDENTIFICADOR  shift, and go to state 116

    declara_variables_matriz1  go to state 117
    asignacion_matriz          go to state 118


state 78

   15 declara_variables_matriz: PUNTOYCOMA .

    $default  reduce using rule 15 (declara_variables_matriz)


state 79

   11 declara_variables: MATRIZENTERA IDENTIFICADOR dimensiones declara_variables_matriz .

    $default  reduce using rule 11 (declara_variables)


state 80

   10 declara_variables: MATRIZDECIMAL IDENTIFICADOR dimensiones declara_variables_matriz .

    $default  reduce using rule 10 (declara_variables)


state 81

   66 objeto_herencia: HIJODE . IDENTIFICADOR

    IDENTIFICADOR  shift, and go to state 119


state 82

   64 objeto: CLASE IDENTIFICADOR objeto_herencia . ALLAVE atributos_globales declara_funciones implementa_funciones CLLAVE

    ALLAVE  shift, and go to state 120


state 83

   68 declara_funciones: DECLARA_FUNCIONES ACORCHETE declara_funciones_rep CCORCHETE .

    $default  reduce using rule 68 (declara_funciones)


state 84

   70 declara_funciones_rep: declaracion_prototipos declara_funciones_rep .

    $default  reduce using rule 70 (declara_funciones_rep)


state 85

   71 declaracion_prototipos: permiso IDENTIFICADOR . APARENTESIS parametros CPARENTESIS REGRESA declaracion_prototipos_regresa PUNTOYCOMA

    APARENTESIS  shift, and go to state 121


state 86

   90 funciones: IDENTIFICADOR . APARENTESIS parametros CPARENTESIS ALLAVE variables_locales bloque CLLAVE

    APARENTESIS  shift, and go to state 122


state 87

   87 implementa_funciones: IMPLEMENTA_FUNCIONES ACORCHETE implementa_funciones_rep . CCORCHETE

    CCORCHETE  shift, and go to state 123


state 88

   89 implementa_funciones_rep: funciones . implementa_funciones_rep

    IDENTIFICADOR  shift, and go to state 86

    $default  reduce using rule 88 (implementa_funciones_rep)

    implementa_funciones_rep  go to state 124
    funciones                 go to state 88


state 89

    1 programa: variables_globales declara_objetos declara_funciones implementa_funciones EJECUTARPROGRAMA ALLAVE . variables_locales bloque CLLAVE

    VARIABLES_LOCALES  shift, and go to state 125

    variables_locales  go to state 126


state 90

   20 declara_variables_objeto: ES IDENTIFICADOR PUNTOYCOMA .

    $default  reduce using rule 20 (declara_variables_objeto)


state 91

  109 lectura: LEERDELTECLADO APARENTESIS . lectura1 CPARENTESIS

    BOOLEANO  shift, and go to state 127
    ENTERO    shift, and go to state 128
    DECIMAL   shift, and go to state 129
    TEXTO     shift, and go to state 130

    lectura1  go to state 131


state 92

   51 factor: MAS factor_operando .

    $default  reduce using rule 51 (factor)


state 93

   52 factor: MENOS factor_operando .

    $default  reduce using rule 52 (factor)


state 94

   50 factor: APARENTESIS expresion . CPARENTESIS

    CPARENTESIS  shift, and go to state 132


state 95

  128 llama_funcion_opcional: FLECHA . IDENTIFICADOR

    IDENTIFICADOR  shift, and go to state 133


state 96

  125 llama_funcion: IDENTIFICADOR llama_funcion_opcional . APARENTESIS expresion CPARENTESIS

    APARENTESIS  shift, and go to state 134


state 97

   14 declara_variables_atomica: IGUAL expresion PUNTOYCOMA .

    $default  reduce using rule 14 (declara_variables_atomica)


state 98

   40 op_booleanos: AMPERSAND .

    $default  reduce using rule 40 (op_booleanos)


state 99

   41 op_booleanos: BARRA .

    $default  reduce using rule 41 (op_booleanos)


state 100

   34 op_booleanos: COMPARA .

    $default  reduce using rule 34 (op_booleanos)


state 101

   35 op_booleanos: NEGACION .

    $default  reduce using rule 35 (op_booleanos)


state 102

   36 op_booleanos: MAYORQUE .

    $default  reduce using rule 36 (op_booleanos)


state 103

   37 op_booleanos: MENORQUE .

    $default  reduce using rule 37 (op_booleanos)


state 104

   38 op_booleanos: MAYORIGUAL .

    $default  reduce using rule 38 (op_booleanos)


state 105

   39 op_booleanos: MENORIGUAL .

    $default  reduce using rule 39 (op_booleanos)


state 106

   31 expresion: exp expresion_condicional .

    $default  reduce using rule 31 (expresion)


state 107

   33 expresion_condicional: op_booleanos . exp

    LEERDELTECLADO  shift, and go to state 59
    MAS             shift, and go to state 60
    MENOS           shift, and go to state 61
    APARENTESIS     shift, and go to state 62
    IDENTIFICADOR   shift, and go to state 63
    CTEENTERA       shift, and go to state 64
    CTETEXTO        shift, and go to state 65
    CTEBOOLEANO     shift, and go to state 66
    CTEDECIMAL      shift, and go to state 67

    exp              go to state 135
    termino          go to state 70
    factor           go to state 71
    factor_operando  go to state 72
    var_cte          go to state 73
    lectura          go to state 74
    llama_funcion    go to state 75


state 108

   44 exp_suma_resta: MAS . exp

    LEERDELTECLADO  shift, and go to state 59
    MAS             shift, and go to state 60
    MENOS           shift, and go to state 61
    APARENTESIS     shift, and go to state 62
    IDENTIFICADOR   shift, and go to state 63
    CTEENTERA       shift, and go to state 64
    CTETEXTO        shift, and go to state 65
    CTEBOOLEANO     shift, and go to state 66
    CTEDECIMAL      shift, and go to state 67

    exp              go to state 136
    termino          go to state 70
    factor           go to state 71
    factor_operando  go to state 72
    var_cte          go to state 73
    lectura          go to state 74
    llama_funcion    go to state 75


state 109

   45 exp_suma_resta: MENOS . exp

    LEERDELTECLADO  shift, and go to state 59
    MAS             shift, and go to state 60
    MENOS           shift, and go to state 61
    APARENTESIS     shift, and go to state 62
    IDENTIFICADOR   shift, and go to state 63
    CTEENTERA       shift, and go to state 64
    CTETEXTO        shift, and go to state 65
    CTEBOOLEANO     shift, and go to state 66
    CTEDECIMAL      shift, and go to state 67

    exp              go to state 137
    termino          go to state 70
    factor           go to state 71
    factor_operando  go to state 72
    var_cte          go to state 73
    lectura          go to state 74
    llama_funcion    go to state 75


state 110

   42 exp: termino exp_suma_resta .

    $default  reduce using rule 42 (exp)


state 111

   48 termino_multi_divide: POR . termino

    LEERDELTECLADO  shift, and go to state 59
    MAS             shift, and go to state 60
    MENOS           shift, and go to state 61
    APARENTESIS     shift, and go to state 62
    IDENTIFICADOR   shift, and go to state 63
    CTEENTERA       shift, and go to state 64
    CTETEXTO        shift, and go to state 65
    CTEBOOLEANO     shift, and go to state 66
    CTEDECIMAL      shift, and go to state 67

    termino          go to state 138
    factor           go to state 71
    factor_operando  go to state 72
    var_cte          go to state 73
    lectura          go to state 74
    llama_funcion    go to state 75


state 112

   49 termino_multi_divide: ENTRE . termino

    LEERDELTECLADO  shift, and go to state 59
    MAS             shift, and go to state 60
    MENOS           shift, and go to state 61
    APARENTESIS     shift, and go to state 62
    IDENTIFICADOR   shift, and go to state 63
    CTEENTERA       shift, and go to state 64
    CTETEXTO        shift, and go to state 65
    CTEBOOLEANO     shift, and go to state 66
    CTEDECIMAL      shift, and go to state 67

    termino          go to state 139
    factor           go to state 71
    factor_operando  go to state 72
    var_cte          go to state 73
    lectura          go to state 74
    llama_funcion    go to state 75


state 113

   46 termino: factor termino_multi_divide .

    $default  reduce using rule 46 (termino)


state 114

   28 dimensiones: ACORCHETE exp CCORCHETE . dimensiones_rep

    ACORCHETE  shift, and go to state 140

    $default  reduce using rule 29 (dimensiones_rep)

    dimensiones_rep  go to state 141


state 115

   21 asignacion_matriz: ALLAVE . asignacion_matriz_rep CLLAVE

    CTEENTERA   shift, and go to state 142
    CTEDECIMAL  shift, and go to state 143

    $default  reduce using rule 22 (asignacion_matriz_rep)

    asignacion_matriz_rep    go to state 144
    asignacion_matriz_valor  go to state 145


state 116

   18 declara_variables_matriz1: IDENTIFICADOR .

    $default  reduce using rule 18 (declara_variables_matriz1)


state 117

   16 declara_variables_matriz: IGUAL declara_variables_matriz1 . PUNTOYCOMA

    PUNTOYCOMA  shift, and go to state 146


state 118

   17 declara_variables_matriz1: asignacion_matriz .

    $default  reduce using rule 17 (declara_variables_matriz1)


state 119

   66 objeto_herencia: HIJODE IDENTIFICADOR .

    $default  reduce using rule 66 (objeto_herencia)


state 120

   64 objeto: CLASE IDENTIFICADOR objeto_herencia ALLAVE . atributos_globales declara_funciones implementa_funciones CLLAVE

    ATRIBUTOS_GLOBALES  shift, and go to state 147

    atributos_globales  go to state 148


state 121

   71 declaracion_prototipos: permiso IDENTIFICADOR APARENTESIS . parametros CPARENTESIS REGRESA declaracion_prototipos_regresa PUNTOYCOMA

    IDENTIFICADOR  shift, and go to state 149

    $default  reduce using rule 74 (parametros)

    parametros      go to state 150
    parametros_rep  go to state 151


state 122

   90 funciones: IDENTIFICADOR APARENTESIS . parametros CPARENTESIS ALLAVE variables_locales bloque CLLAVE

    IDENTIFICADOR  shift, and go to state 149

    $default  reduce using rule 74 (parametros)

    parametros      go to state 152
    parametros_rep  go to state 151


state 123

   87 implementa_funciones: IMPLEMENTA_FUNCIONES ACORCHETE implementa_funciones_rep CCORCHETE .

    $default  reduce using rule 87 (implementa_funciones)


state 124

   89 implementa_funciones_rep: funciones implementa_funciones_rep .

    $default  reduce using rule 89 (implementa_funciones_rep)


state 125

   91 variables_locales: VARIABLES_LOCALES . bloque_variables

    ACORCHETE  shift, and go to state 4

    bloque_variables  go to state 153


state 126

    1 programa: variables_globales declara_objetos declara_funciones implementa_funciones EJECUTARPROGRAMA ALLAVE variables_locales . bloque CLLAVE

    REGRESA         shift, and go to state 154
    LEERDELTECLADO  shift, and go to state 59
    DESPLIEGA       shift, and go to state 155
    SI              shift, and go to state 156
    MIENTRAS        shift, and go to state 157
    IDENTIFICADOR   shift, and go to state 158

    $default  reduce using rule 92 (bloque)

    bloque         go to state 159
    estatuto       go to state 160
    asignacion     go to state 161
    lectura        go to state 74
    escritura      go to state 162
    llama_funcion  go to state 163
    regresa        go to state 164
    condicional    go to state 165
    ciclo          go to state 166


state 127

  112 lectura1: BOOLEANO .

    $default  reduce using rule 112 (lectura1)


state 128

  110 lectura1: ENTERO .

    $default  reduce using rule 110 (lectura1)


state 129

  111 lectura1: DECIMAL .

    $default  reduce using rule 111 (lectura1)


state 130

  113 lectura1: TEXTO .

    $default  reduce using rule 113 (lectura1)


state 131

  109 lectura: LEERDELTECLADO APARENTESIS lectura1 . CPARENTESIS

    CPARENTESIS  shift, and go to state 167


state 132

   50 factor: APARENTESIS expresion CPARENTESIS .

    $default  reduce using rule 50 (factor)


state 133

  128 llama_funcion_opcional: FLECHA IDENTIFICADOR .

    $default  reduce using rule 128 (llama_funcion_opcional)


state 134

  125 llama_funcion: IDENTIFICADOR llama_funcion_opcional APARENTESIS . expresion CPARENTESIS

    LEERDELTECLADO  shift, and go to state 59
    MAS             shift, and go to state 60
    MENOS           shift, and go to state 61
    APARENTESIS     shift, and go to state 62
    IDENTIFICADOR   shift, and go to state 63
    CTEENTERA       shift, and go to state 64
    CTETEXTO        shift, and go to state 65
    CTEBOOLEANO     shift, and go to state 66
    CTEDECIMAL      shift, and go to state 67

    expresion        go to state 168
    exp              go to state 69
    termino          go to state 70
    factor           go to state 71
    factor_operando  go to state 72
    var_cte          go to state 73
    lectura          go to state 74
    llama_funcion    go to state 75


state 135

   33 expresion_condicional: op_booleanos exp .

    $default  reduce using rule 33 (expresion_condicional)


state 136

   44 exp_suma_resta: MAS exp .

    $default  reduce using rule 44 (exp_suma_resta)


state 137

   45 exp_suma_resta: MENOS exp .

    $default  reduce using rule 45 (exp_suma_resta)


state 138

   48 termino_multi_divide: POR termino .

    $default  reduce using rule 48 (termino_multi_divide)


state 139

   49 termino_multi_divide: ENTRE termino .

    $default  reduce using rule 49 (termino_multi_divide)


state 140

   30 dimensiones_rep: ACORCHETE . exp CCORCHETE

    LEERDELTECLADO  shift, and go to state 59
    MAS             shift, and go to state 60
    MENOS           shift, and go to state 61
    APARENTESIS     shift, and go to state 62
    IDENTIFICADOR   shift, and go to state 63
    CTEENTERA       shift, and go to state 64
    CTETEXTO        shift, and go to state 65
    CTEBOOLEANO     shift, and go to state 66
    CTEDECIMAL      shift, and go to state 67

    exp              go to state 169
    termino          go to state 70
    factor           go to state 71
    factor_operando  go to state 72
    var_cte          go to state 73
    lectura          go to state 74
    llama_funcion    go to state 75


state 141

   28 dimensiones: ACORCHETE exp CCORCHETE dimensiones_rep .

    $default  reduce using rule 28 (dimensiones)


state 142

   24 asignacion_matriz_valor: CTEENTERA . asignacion_matriz_valor1

    COMA  shift, and go to state 170

    $default  reduce using rule 26 (asignacion_matriz_valor1)

    asignacion_matriz_valor1  go to state 171


state 143

   25 asignacion_matriz_valor: CTEDECIMAL . asignacion_matriz_valor1

    COMA  shift, and go to state 170

    $default  reduce using rule 26 (asignacion_matriz_valor1)

    asignacion_matriz_valor1  go to state 172


state 144

   21 asignacion_matriz: ALLAVE asignacion_matriz_rep . CLLAVE

    CLLAVE  shift, and go to state 173


state 145

   23 asignacion_matriz_rep: asignacion_matriz_valor . PUNTOYCOMA asignacion_matriz_rep

    PUNTOYCOMA  shift, and go to state 174


state 146

   16 declara_variables_matriz: IGUAL declara_variables_matriz1 PUNTOYCOMA .

    $default  reduce using rule 16 (declara_variables_matriz)


state 147

   67 atributos_globales: ATRIBUTOS_GLOBALES . bloque_variables

    ACORCHETE  shift, and go to state 4

    bloque_variables  go to state 175


state 148

   64 objeto: CLASE IDENTIFICADOR objeto_herencia ALLAVE atributos_globales . declara_funciones implementa_funciones CLLAVE

    DECLARA_FUNCIONES  shift, and go to state 19

    declara_funciones  go to state 176


state 149

   76 parametros_rep: IDENTIFICADOR . DOSPUNTOS tipo parametros_rep1

    DOSPUNTOS  shift, and go to state 177


state 150

   71 declaracion_prototipos: permiso IDENTIFICADOR APARENTESIS parametros . CPARENTESIS REGRESA declaracion_prototipos_regresa PUNTOYCOMA

    CPARENTESIS  shift, and go to state 178


state 151

   75 parametros: parametros_rep .

    $default  reduce using rule 75 (parametros)


state 152

   90 funciones: IDENTIFICADOR APARENTESIS parametros . CPARENTESIS ALLAVE variables_locales bloque CLLAVE

    CPARENTESIS  shift, and go to state 179


state 153

   91 variables_locales: VARIABLES_LOCALES bloque_variables .

    $default  reduce using rule 91 (variables_locales)


state 154

  129 regresa: REGRESA . expresion

    LEERDELTECLADO  shift, and go to state 59
    MAS             shift, and go to state 60
    MENOS           shift, and go to state 61
    APARENTESIS     shift, and go to state 62
    IDENTIFICADOR   shift, and go to state 63
    CTEENTERA       shift, and go to state 64
    CTETEXTO        shift, and go to state 65
    CTEBOOLEANO     shift, and go to state 66
    CTEDECIMAL      shift, and go to state 67

    expresion        go to state 180
    exp              go to state 69
    termino          go to state 70
    factor           go to state 71
    factor_operando  go to state 72
    var_cte          go to state 73
    lectura          go to state 74
    llama_funcion    go to state 75


state 155

  114 escritura: DESPLIEGA . APARENTESIS escritura_valores CPARENTESIS

    APARENTESIS  shift, and go to state 181


state 156

  130 condicional: SI . APARENTESIS expresion CPARENTESIS ALLAVE bloque CLLAVE condicional_ifelse

    APARENTESIS  shift, and go to state 182


state 157

  135 ciclo: MIENTRAS . APARENTESIS expresion CPARENTESIS ALLAVE bloque CLLAVE

    APARENTESIS  shift, and go to state 183


state 158

  101 asignacion: IDENTIFICADOR . asignacion1
  125 llama_funcion: IDENTIFICADOR . llama_funcion_opcional APARENTESIS expresion CPARENTESIS

    FLECHA     shift, and go to state 184
    IGUAL      shift, and go to state 185
    ACORCHETE  shift, and go to state 45

    $default  reduce using rule 127 (llama_funcion_opcional)

    dimensiones             go to state 186
    asignacion1             go to state 187
    llama_funcion_opcional  go to state 96


state 159

    1 programa: variables_globales declara_objetos declara_funciones implementa_funciones EJECUTARPROGRAMA ALLAVE variables_locales bloque . CLLAVE

    CLLAVE  shift, and go to state 188


state 160

   93 bloque: estatuto . bloque_rep

    REGRESA         shift, and go to state 154
    LEERDELTECLADO  shift, and go to state 59
    DESPLIEGA       shift, and go to state 155
    SI              shift, and go to state 156
    MIENTRAS        shift, and go to state 157
    IDENTIFICADOR   shift, and go to state 158

    $default  reduce using rule 92 (bloque)

    bloque         go to state 189
    bloque_rep     go to state 190
    estatuto       go to state 160
    asignacion     go to state 161
    lectura        go to state 74
    escritura      go to state 162
    llama_funcion  go to state 163
    regresa        go to state 164
    condicional    go to state 165
    ciclo          go to state 166


state 161

   95 estatuto: asignacion . PUNTOYCOMA

    PUNTOYCOMA  shift, and go to state 191


state 162

   96 estatuto: escritura . PUNTOYCOMA

    PUNTOYCOMA  shift, and go to state 192


state 163

   97 estatuto: llama_funcion . PUNTOYCOMA

    PUNTOYCOMA  shift, and go to state 193


state 164

   98 estatuto: regresa . PUNTOYCOMA

    PUNTOYCOMA  shift, and go to state 194


state 165

   99 estatuto: condicional .

    $default  reduce using rule 99 (estatuto)


state 166

  100 estatuto: ciclo .

    $default  reduce using rule 100 (estatuto)


state 167

  109 lectura: LEERDELTECLADO APARENTESIS lectura1 CPARENTESIS .

    $default  reduce using rule 109 (lectura)


state 168

  125 llama_funcion: IDENTIFICADOR llama_funcion_opcional APARENTESIS expresion . CPARENTESIS

    CPARENTESIS  shift, and go to state 195


state 169

   30 dimensiones_rep: ACORCHETE exp . CCORCHETE

    CCORCHETE  shift, and go to state 196


state 170

   27 asignacion_matriz_valor1: COMA . asignacion_matriz_valor

    CTEENTERA   shift, and go to state 142
    CTEDECIMAL  shift, and go to state 143

    asignacion_matriz_valor  go to state 197


state 171

   24 asignacion_matriz_valor: CTEENTERA asignacion_matriz_valor1 .

    $default  reduce using rule 24 (asignacion_matriz_valor)


state 172

   25 asignacion_matriz_valor: CTEDECIMAL asignacion_matriz_valor1 .

    $default  reduce using rule 25 (asignacion_matriz_valor)


state 173

   21 asignacion_matriz: ALLAVE asignacion_matriz_rep CLLAVE .

    $default  reduce using rule 21 (asignacion_matriz)


state 174

   23 asignacion_matriz_rep: asignacion_matriz_valor PUNTOYCOMA . asignacion_matriz_rep

    CTEENTERA   shift, and go to state 142
    CTEDECIMAL  shift, and go to state 143

    $default  reduce using rule 22 (asignacion_matriz_rep)

    asignacion_matriz_rep    go to state 198
    asignacion_matriz_valor  go to state 145


state 175

   67 atributos_globales: ATRIBUTOS_GLOBALES bloque_variables .

    $default  reduce using rule 67 (atributos_globales)


state 176

   64 objeto: CLASE IDENTIFICADOR objeto_herencia ALLAVE atributos_globales declara_funciones . implementa_funciones CLLAVE

    IMPLEMENTA_FUNCIONES  shift, and go to state 34

    implementa_funciones  go to state 199


state 177

   76 parametros_rep: IDENTIFICADOR DOSPUNTOS . tipo parametros_rep1

    BOOLEANO       shift, and go to state 200
    ENTERO         shift, and go to state 201
    DECIMAL        shift, and go to state 202
    TEXTO          shift, and go to state 203
    MATRIZENTERA   shift, and go to state 204
    MATRIZDECIMAL  shift, and go to state 205

    tipo  go to state 206


state 178

   71 declaracion_prototipos: permiso IDENTIFICADOR APARENTESIS parametros CPARENTESIS . REGRESA declaracion_prototipos_regresa PUNTOYCOMA

    REGRESA  shift, and go to state 207


state 179

   90 funciones: IDENTIFICADOR APARENTESIS parametros CPARENTESIS . ALLAVE variables_locales bloque CLLAVE

    ALLAVE  shift, and go to state 208


state 180

  129 regresa: REGRESA expresion .

    $default  reduce using rule 129 (regresa)


state 181

  114 escritura: DESPLIEGA APARENTESIS . escritura_valores CPARENTESIS

    IDENTIFICADOR  shift, and go to state 209
    CTEENTERA      shift, and go to state 210
    CTETEXTO       shift, and go to state 211
    CTEDECIMAL     shift, and go to state 212

    escritura_valores  go to state 213
    valores            go to state 214


state 182

  130 condicional: SI APARENTESIS . expresion CPARENTESIS ALLAVE bloque CLLAVE condicional_ifelse

    LEERDELTECLADO  shift, and go to state 59
    MAS             shift, and go to state 60
    MENOS           shift, and go to state 61
    APARENTESIS     shift, and go to state 62
    IDENTIFICADOR   shift, and go to state 63
    CTEENTERA       shift, and go to state 64
    CTETEXTO        shift, and go to state 65
    CTEBOOLEANO     shift, and go to state 66
    CTEDECIMAL      shift, and go to state 67

    expresion        go to state 215
    exp              go to state 69
    termino          go to state 70
    factor           go to state 71
    factor_operando  go to state 72
    var_cte          go to state 73
    lectura          go to state 74
    llama_funcion    go to state 75


state 183

  135 ciclo: MIENTRAS APARENTESIS . expresion CPARENTESIS ALLAVE bloque CLLAVE

    LEERDELTECLADO  shift, and go to state 59
    MAS             shift, and go to state 60
    MENOS           shift, and go to state 61
    APARENTESIS     shift, and go to state 62
    IDENTIFICADOR   shift, and go to state 63
    CTEENTERA       shift, and go to state 64
    CTETEXTO        shift, and go to state 65
    CTEBOOLEANO     shift, and go to state 66
    CTEDECIMAL      shift, and go to state 67

    expresion        go to state 216
    exp              go to state 69
    termino          go to state 70
    factor           go to state 71
    factor_operando  go to state 72
    var_cte          go to state 73
    lectura          go to state 74
    llama_funcion    go to state 75


state 184

  104 asignacion1: FLECHA . IDENTIFICADOR asignacion3 IGUAL asignacion2
  128 llama_funcion_opcional: FLECHA . IDENTIFICADOR

    IDENTIFICADOR  shift, and go to state 217


state 185

  103 asignacion1: IGUAL . asignacion2

    LEERDELTECLADO  shift, and go to state 59
    MAS             shift, and go to state 60
    MENOS           shift, and go to state 61
    APARENTESIS     shift, and go to state 62
    ALLAVE          shift, and go to state 115
    IDENTIFICADOR   shift, and go to state 63
    CTEENTERA       shift, and go to state 64
    CTETEXTO        shift, and go to state 65
    CTEBOOLEANO     shift, and go to state 66
    CTEDECIMAL      shift, and go to state 67

    asignacion_matriz  go to state 218
    expresion          go to state 219
    exp                go to state 69
    termino            go to state 70
    factor             go to state 71
    factor_operando    go to state 72
    var_cte            go to state 73
    asignacion2        go to state 220
    lectura            go to state 74
    llama_funcion      go to state 75


state 186

  102 asignacion1: dimensiones . IGUAL expresion

    IGUAL  shift, and go to state 221


state 187

  101 asignacion: IDENTIFICADOR asignacion1 .

    $default  reduce using rule 101 (asignacion)


state 188

    1 programa: variables_globales declara_objetos declara_funciones implementa_funciones EJECUTARPROGRAMA ALLAVE variables_locales bloque CLLAVE .

    $default  reduce using rule 1 (programa)


state 189

   94 bloque_rep: bloque .

    $default  reduce using rule 94 (bloque_rep)


state 190

   93 bloque: estatuto bloque_rep .

    $default  reduce using rule 93 (bloque)


state 191

   95 estatuto: asignacion PUNTOYCOMA .

    $default  reduce using rule 95 (estatuto)


state 192

   96 estatuto: escritura PUNTOYCOMA .

    $default  reduce using rule 96 (estatuto)


state 193

   97 estatuto: llama_funcion PUNTOYCOMA .

    $default  reduce using rule 97 (estatuto)


state 194

   98 estatuto: regresa PUNTOYCOMA .

    $default  reduce using rule 98 (estatuto)


state 195

  125 llama_funcion: IDENTIFICADOR llama_funcion_opcional APARENTESIS expresion CPARENTESIS .

    $default  reduce using rule 125 (llama_funcion)


state 196

   30 dimensiones_rep: ACORCHETE exp CCORCHETE .

    $default  reduce using rule 30 (dimensiones_rep)


state 197

   27 asignacion_matriz_valor1: COMA asignacion_matriz_valor .

    $default  reduce using rule 27 (asignacion_matriz_valor1)


state 198

   23 asignacion_matriz_rep: asignacion_matriz_valor PUNTOYCOMA asignacion_matriz_rep .

    $default  reduce using rule 23 (asignacion_matriz_rep)


state 199

   64 objeto: CLASE IDENTIFICADOR objeto_herencia ALLAVE atributos_globales declara_funciones implementa_funciones . CLLAVE

    CLLAVE  shift, and go to state 222


state 200

   79 tipo: BOOLEANO .

    $default  reduce using rule 79 (tipo)


state 201

   77 tipo: ENTERO .

    $default  reduce using rule 77 (tipo)


state 202

   78 tipo: DECIMAL .

    $default  reduce using rule 78 (tipo)


state 203

   80 tipo: TEXTO .

    $default  reduce using rule 80 (tipo)


state 204

   81 tipo: MATRIZENTERA .

    $default  reduce using rule 81 (tipo)


state 205

   82 tipo: MATRIZDECIMAL .

    $default  reduce using rule 82 (tipo)


state 206

   76 parametros_rep: IDENTIFICADOR DOSPUNTOS tipo . parametros_rep1

    COMA  shift, and go to state 223

    $default  reduce using rule 83 (parametros_rep1)

    parametros_rep1  go to state 224


state 207

   71 declaracion_prototipos: permiso IDENTIFICADOR APARENTESIS parametros CPARENTESIS REGRESA . declaracion_prototipos_regresa PUNTOYCOMA

    BOOLEANO       shift, and go to state 200
    ENTERO         shift, and go to state 201
    DECIMAL        shift, and go to state 202
    TEXTO          shift, and go to state 203
    NADA           shift, and go to state 225
    MATRIZENTERA   shift, and go to state 204
    MATRIZDECIMAL  shift, and go to state 205

    tipo                            go to state 226
    declaracion_prototipos_regresa  go to state 227


state 208

   90 funciones: IDENTIFICADOR APARENTESIS parametros CPARENTESIS ALLAVE . variables_locales bloque CLLAVE

    VARIABLES_LOCALES  shift, and go to state 125

    variables_locales  go to state 228


state 209

  116 escritura_valores: IDENTIFICADOR . escritura_valores1

    CONCATENA  shift, and go to state 229
    ACORCHETE  shift, and go to state 45

    $default  reduce using rule 120 (escritura_valores1)

    dimensiones         go to state 230
    escritura_valores1  go to state 231


state 210

  117 valores: CTEENTERA .

    $default  reduce using rule 117 (valores)


state 211

  119 valores: CTETEXTO .

    $default  reduce using rule 119 (valores)


state 212

  118 valores: CTEDECIMAL .

    $default  reduce using rule 118 (valores)


state 213

  114 escritura: DESPLIEGA APARENTESIS escritura_valores . CPARENTESIS

    CPARENTESIS  shift, and go to state 232


state 214

  115 escritura_valores: valores . escritura_concatena

    CONCATENA  shift, and go to state 233

    $default  reduce using rule 123 (escritura_concatena)

    escritura_concatena  go to state 234


state 215

  130 condicional: SI APARENTESIS expresion . CPARENTESIS ALLAVE bloque CLLAVE condicional_ifelse

    CPARENTESIS  shift, and go to state 235


state 216

  135 ciclo: MIENTRAS APARENTESIS expresion . CPARENTESIS ALLAVE bloque CLLAVE

    CPARENTESIS  shift, and go to state 236


state 217

  104 asignacion1: FLECHA IDENTIFICADOR . asignacion3 IGUAL asignacion2
  128 llama_funcion_opcional: FLECHA IDENTIFICADOR .

    ACORCHETE  shift, and go to state 45

    APARENTESIS  reduce using rule 128 (llama_funcion_opcional)
    $default     reduce using rule 107 (asignacion3)

    dimensiones  go to state 237
    asignacion3  go to state 238


state 218

  105 asignacion2: asignacion_matriz .

    $default  reduce using rule 105 (asignacion2)


state 219

  106 asignacion2: expresion .

    $default  reduce using rule 106 (asignacion2)


state 220

  103 asignacion1: IGUAL asignacion2 .

    $default  reduce using rule 103 (asignacion1)


state 221

  102 asignacion1: dimensiones IGUAL . expresion

    LEERDELTECLADO  shift, and go to state 59
    MAS             shift, and go to state 60
    MENOS           shift, and go to state 61
    APARENTESIS     shift, and go to state 62
    IDENTIFICADOR   shift, and go to state 63
    CTEENTERA       shift, and go to state 64
    CTETEXTO        shift, and go to state 65
    CTEBOOLEANO     shift, and go to state 66
    CTEDECIMAL      shift, and go to state 67

    expresion        go to state 239
    exp              go to state 69
    termino          go to state 70
    factor           go to state 71
    factor_operando  go to state 72
    var_cte          go to state 73
    lectura          go to state 74
    llama_funcion    go to state 75


state 222

   64 objeto: CLASE IDENTIFICADOR objeto_herencia ALLAVE atributos_globales declara_funciones implementa_funciones CLLAVE .

    $default  reduce using rule 64 (objeto)


state 223

   84 parametros_rep1: COMA . parametros_rep

    IDENTIFICADOR  shift, and go to state 149

    parametros_rep  go to state 240


state 224

   76 parametros_rep: IDENTIFICADOR DOSPUNTOS tipo parametros_rep1 .

    $default  reduce using rule 76 (parametros_rep)


state 225

   86 declaracion_prototipos_regresa: NADA .

    $default  reduce using rule 86 (declaracion_prototipos_regresa)


state 226

   85 declaracion_prototipos_regresa: tipo .

    $default  reduce using rule 85 (declaracion_prototipos_regresa)


state 227

   71 declaracion_prototipos: permiso IDENTIFICADOR APARENTESIS parametros CPARENTESIS REGRESA declaracion_prototipos_regresa . PUNTOYCOMA

    PUNTOYCOMA  shift, and go to state 241


state 228

   90 funciones: IDENTIFICADOR APARENTESIS parametros CPARENTESIS ALLAVE variables_locales . bloque CLLAVE

    REGRESA         shift, and go to state 154
    LEERDELTECLADO  shift, and go to state 59
    DESPLIEGA       shift, and go to state 155
    SI              shift, and go to state 156
    MIENTRAS        shift, and go to state 157
    IDENTIFICADOR   shift, and go to state 158

    $default  reduce using rule 92 (bloque)

    bloque         go to state 242
    estatuto       go to state 160
    asignacion     go to state 161
    lectura        go to state 74
    escritura      go to state 162
    llama_funcion  go to state 163
    regresa        go to state 164
    condicional    go to state 165
    ciclo          go to state 166


state 229

  121 escritura_valores1: CONCATENA . escritura_valores

    IDENTIFICADOR  shift, and go to state 209
    CTEENTERA      shift, and go to state 210
    CTETEXTO       shift, and go to state 211
    CTEDECIMAL     shift, and go to state 212

    escritura_valores  go to state 243
    valores            go to state 214


state 230

  122 escritura_valores1: dimensiones . escritura_concatena

    CONCATENA  shift, and go to state 233

    $default  reduce using rule 123 (escritura_concatena)

    escritura_concatena  go to state 244


state 231

  116 escritura_valores: IDENTIFICADOR escritura_valores1 .

    $default  reduce using rule 116 (escritura_valores)


state 232

  114 escritura: DESPLIEGA APARENTESIS escritura_valores CPARENTESIS .

    $default  reduce using rule 114 (escritura)


state 233

  124 escritura_concatena: CONCATENA . escritura_valores

    IDENTIFICADOR  shift, and go to state 209
    CTEENTERA      shift, and go to state 210
    CTETEXTO       shift, and go to state 211
    CTEDECIMAL     shift, and go to state 212

    escritura_valores  go to state 245
    valores            go to state 214


state 234

  115 escritura_valores: valores escritura_concatena .

    $default  reduce using rule 115 (escritura_valores)


state 235

  130 condicional: SI APARENTESIS expresion CPARENTESIS . ALLAVE bloque CLLAVE condicional_ifelse

    ALLAVE  shift, and go to state 246


state 236

  135 ciclo: MIENTRAS APARENTESIS expresion CPARENTESIS . ALLAVE bloque CLLAVE

    ALLAVE  shift, and go to state 247


state 237

  108 asignacion3: dimensiones .

    $default  reduce using rule 108 (asignacion3)


state 238

  104 asignacion1: FLECHA IDENTIFICADOR asignacion3 . IGUAL asignacion2

    IGUAL  shift, and go to state 248


state 239

  102 asignacion1: dimensiones IGUAL expresion .

    $default  reduce using rule 102 (asignacion1)


state 240

   84 parametros_rep1: COMA parametros_rep .

    $default  reduce using rule 84 (parametros_rep1)


state 241

   71 declaracion_prototipos: permiso IDENTIFICADOR APARENTESIS parametros CPARENTESIS REGRESA declaracion_prototipos_regresa PUNTOYCOMA .

    $default  reduce using rule 71 (declaracion_prototipos)


state 242

   90 funciones: IDENTIFICADOR APARENTESIS parametros CPARENTESIS ALLAVE variables_locales bloque . CLLAVE

    CLLAVE  shift, and go to state 249


state 243

  121 escritura_valores1: CONCATENA escritura_valores .

    $default  reduce using rule 121 (escritura_valores1)


state 244

  122 escritura_valores1: dimensiones escritura_concatena .

    $default  reduce using rule 122 (escritura_valores1)


state 245

  124 escritura_concatena: CONCATENA escritura_valores .

    $default  reduce using rule 124 (escritura_concatena)


state 246

  130 condicional: SI APARENTESIS expresion CPARENTESIS ALLAVE . bloque CLLAVE condicional_ifelse

    REGRESA         shift, and go to state 154
    LEERDELTECLADO  shift, and go to state 59
    DESPLIEGA       shift, and go to state 155
    SI              shift, and go to state 156
    MIENTRAS        shift, and go to state 157
    IDENTIFICADOR   shift, and go to state 158

    $default  reduce using rule 92 (bloque)

    bloque         go to state 250
    estatuto       go to state 160
    asignacion     go to state 161
    lectura        go to state 74
    escritura      go to state 162
    llama_funcion  go to state 163
    regresa        go to state 164
    condicional    go to state 165
    ciclo          go to state 166


state 247

  135 ciclo: MIENTRAS APARENTESIS expresion CPARENTESIS ALLAVE . bloque CLLAVE

    REGRESA         shift, and go to state 154
    LEERDELTECLADO  shift, and go to state 59
    DESPLIEGA       shift, and go to state 155
    SI              shift, and go to state 156
    MIENTRAS        shift, and go to state 157
    IDENTIFICADOR   shift, and go to state 158

    $default  reduce using rule 92 (bloque)

    bloque         go to state 251
    estatuto       go to state 160
    asignacion     go to state 161
    lectura        go to state 74
    escritura      go to state 162
    llama_funcion  go to state 163
    regresa        go to state 164
    condicional    go to state 165
    ciclo          go to state 166


state 248

  104 asignacion1: FLECHA IDENTIFICADOR asignacion3 IGUAL . asignacion2

    LEERDELTECLADO  shift, and go to state 59
    MAS             shift, and go to state 60
    MENOS           shift, and go to state 61
    APARENTESIS     shift, and go to state 62
    ALLAVE          shift, and go to state 115
    IDENTIFICADOR   shift, and go to state 63
    CTEENTERA       shift, and go to state 64
    CTETEXTO        shift, and go to state 65
    CTEBOOLEANO     shift, and go to state 66
    CTEDECIMAL      shift, and go to state 67

    asignacion_matriz  go to state 218
    expresion          go to state 219
    exp                go to state 69
    termino            go to state 70
    factor             go to state 71
    factor_operando    go to state 72
    var_cte            go to state 73
    asignacion2        go to state 252
    lectura            go to state 74
    llama_funcion      go to state 75


state 249

   90 funciones: IDENTIFICADOR APARENTESIS parametros CPARENTESIS ALLAVE variables_locales bloque CLLAVE .

    $default  reduce using rule 90 (funciones)


state 250

  130 condicional: SI APARENTESIS expresion CPARENTESIS ALLAVE bloque . CLLAVE condicional_ifelse

    CLLAVE  shift, and go to state 253


state 251

  135 ciclo: MIENTRAS APARENTESIS expresion CPARENTESIS ALLAVE bloque . CLLAVE

    CLLAVE  shift, and go to state 254


state 252

  104 asignacion1: FLECHA IDENTIFICADOR asignacion3 IGUAL asignacion2 .

    $default  reduce using rule 104 (asignacion1)


state 253

  130 condicional: SI APARENTESIS expresion CPARENTESIS ALLAVE bloque CLLAVE . condicional_ifelse

    SINO  shift, and go to state 255

    $default  reduce using rule 131 (condicional_ifelse)

    condicional_ifelse  go to state 256


state 254

  135 ciclo: MIENTRAS APARENTESIS expresion CPARENTESIS ALLAVE bloque CLLAVE .

    $default  reduce using rule 135 (ciclo)


state 255

  132 condicional_ifelse: SINO . condicional_else

    ENTONCES  shift, and go to state 257
    ALLAVE    shift, and go to state 258

    condicional_else  go to state 259


state 256

  130 condicional: SI APARENTESIS expresion CPARENTESIS ALLAVE bloque CLLAVE condicional_ifelse .

    $default  reduce using rule 130 (condicional)


state 257

  133 condicional_else: ENTONCES . APARENTESIS expresion CPARENTESIS ALLAVE bloque CLLAVE condicional_ifelse

    APARENTESIS  shift, and go to state 260


state 258

  134 condicional_else: ALLAVE . bloque CLLAVE

    REGRESA         shift, and go to state 154
    LEERDELTECLADO  shift, and go to state 59
    DESPLIEGA       shift, and go to state 155
    SI              shift, and go to state 156
    MIENTRAS        shift, and go to state 157
    IDENTIFICADOR   shift, and go to state 158

    $default  reduce using rule 92 (bloque)

    bloque         go to state 261
    estatuto       go to state 160
    asignacion     go to state 161
    lectura        go to state 74
    escritura      go to state 162
    llama_funcion  go to state 163
    regresa        go to state 164
    condicional    go to state 165
    ciclo          go to state 166


state 259

  132 condicional_ifelse: SINO condicional_else .

    $default  reduce using rule 132 (condicional_ifelse)


state 260

  133 condicional_else: ENTONCES APARENTESIS . expresion CPARENTESIS ALLAVE bloque CLLAVE condicional_ifelse

    LEERDELTECLADO  shift, and go to state 59
    MAS             shift, and go to state 60
    MENOS           shift, and go to state 61
    APARENTESIS     shift, and go to state 62
    IDENTIFICADOR   shift, and go to state 63
    CTEENTERA       shift, and go to state 64
    CTETEXTO        shift, and go to state 65
    CTEBOOLEANO     shift, and go to state 66
    CTEDECIMAL      shift, and go to state 67

    expresion        go to state 262
    exp              go to state 69
    termino          go to state 70
    factor           go to state 71
    factor_operando  go to state 72
    var_cte          go to state 73
    lectura          go to state 74
    llama_funcion    go to state 75


state 261

  134 condicional_else: ALLAVE bloque . CLLAVE

    CLLAVE  shift, and go to state 263


state 262

  133 condicional_else: ENTONCES APARENTESIS expresion . CPARENTESIS ALLAVE bloque CLLAVE condicional_ifelse

    CPARENTESIS  shift, and go to state 264


state 263

  134 condicional_else: ALLAVE bloque CLLAVE .

    $default  reduce using rule 134 (condicional_else)


state 264

  133 condicional_else: ENTONCES APARENTESIS expresion CPARENTESIS . ALLAVE bloque CLLAVE condicional_ifelse

    ALLAVE  shift, and go to state 265


state 265

  133 condicional_else: ENTONCES APARENTESIS expresion CPARENTESIS ALLAVE . bloque CLLAVE condicional_ifelse

    REGRESA         shift, and go to state 154
    LEERDELTECLADO  shift, and go to state 59
    DESPLIEGA       shift, and go to state 155
    SI              shift, and go to state 156
    MIENTRAS        shift, and go to state 157
    IDENTIFICADOR   shift, and go to state 158

    $default  reduce using rule 92 (bloque)

    bloque         go to state 266
    estatuto       go to state 160
    asignacion     go to state 161
    lectura        go to state 74
    escritura      go to state 162
    llama_funcion  go to state 163
    regresa        go to state 164
    condicional    go to state 165
    ciclo          go to state 166


state 266

  133 condicional_else: ENTONCES APARENTESIS expresion CPARENTESIS ALLAVE bloque . CLLAVE condicional_ifelse

    CLLAVE  shift, and go to state 267


state 267

  133 condicional_else: ENTONCES APARENTESIS expresion CPARENTESIS ALLAVE bloque CLLAVE . condicional_ifelse

    SINO  shift, and go to state 255

    $default  reduce using rule 131 (condicional_ifelse)

    condicional_ifelse  go to state 268


state 268

  133 condicional_else: ENTONCES APARENTESIS expresion CPARENTESIS ALLAVE bloque CLLAVE condicional_ifelse .

    $default  reduce using rule 133 (condicional_else)
